[2026-05-12 16:10:20] [OK] マイクロウォームアップ完了: 300 本
[2026-05-12 16:10:20] [OK] CSV最終行は-465分前（セッション間ギャップ含む）→ ウォームアップ不要
[2026-05-12 16:10:20] [CSV-CHECK] 前日データ正常: 238本
[2026-05-12 16:10:20] [OK] トークン取得成功: e6c38fb7...
[2026-05-12 16:10:21] [OK] マイクロシンボル取得(NK225micro): 161060023 / Exchange=2
[2026-05-12 16:10:21] [OK] 銘柄登録成功 (2銘柄)
[2026-05-12 16:10:21] [OK] WebSocket起動
[2026-05-12 16:10:21] [MICRO①③] 月次リセット: (2026, 5) 累計損益リセット
[2026-05-12 16:10:21] [系統④] 月次リセット: (2026, 5) 損益リセット・停止解除
[2026-05-12 16:10:21] [系統④⑤] 月次リセット: (2026, 5) 損益リセット・⑤停止解除
[2026-05-12 16:10:21] [SIGNAL CHECK] bar_dt=23:50 can_trade=True warmup=0
[2026-05-12 16:10:21] [MICRO] → シグナルなし (現在値:62655 bars:299本)
[2026-05-12 17:00:00] CSV保存: micro_5min.csv
[2026-05-12 17:00:01] [SIGNAL CHECK] bar_dt=23:55 can_trade=True warmup=0
[2026-05-12 17:00:01] [MICRO] → シグナルなし (現在値:62635 bars:300本)
[2026-05-12 17:05:00] CSV保存: micro_5min.csv
[2026-05-12 17:05:01] [SIGNAL CHECK] bar_dt=17:00 can_trade=True warmup=0
[2026-05-12 17:05:01] [系統③] 時間帯対象外(17時, DST): スキップ
[2026-05-12 17:05:01] [MICRO] → シグナルなし (現在値:62535 bars:301本)
[2026-05-12 17:10:00] CSV保存: micro_5min.csv
[2026-05-12 17:10:01] [SIGNAL CHECK] bar_dt=17:05 can_trade=True warmup=0
[2026-05-12 17:10:01] [系統③] 時間帯対象外(17時, DST): スキップ
[2026-05-12 17:10:01] [MICRO] → シグナルなし (現在値:62545 bars:302本)
[2026-05-12 17:15:00] CSV保存: micro_5min.csv
[2026-05-12 17:15:00] [SIGNAL CHECK] bar_dt=17:10 can_trade=True warmup=0
[2026-05-12 17:15:00] [系統③] 時間帯対象外(17時, DST): スキップ
[2026-05-12 17:15:00] [MICRO] → シグナルなし (現在値:62515 bars:303本)
[2026-05-12 17:20:00] CSV保存: micro_5min.csv
[2026-05-12 17:20:00] [SIGNAL CHECK] bar_dt=17:15 can_trade=True warmup=0
[2026-05-12 17:20:00] [系統③] 時間帯対象外(17時, DST): スキップ
[2026-05-12 17:20:00] [MICRO] → シグナルなし (現在値:62605 bars:304本)
[2026-05-12 17:25:00] CSV保存: micro_5min.csv
[2026-05-12 17:25:00] [SIGNAL CHECK] bar_dt=17:20 can_trade=True warmup=0
[2026-05-12 17:25:00] [系統③] 時間帯対象外(17時, DST): スキップ
[2026-05-12 17:25:00] [MICRO] → シグナルなし (現在値:62610 bars:305本)
[2026-05-12 17:30:00] CSV保存: micro_5min.csv
[2026-05-12 17:30:00] [SIGNAL CHECK] bar_dt=17:25 can_trade=True warmup=0
[2026-05-12 17:30:00] [系統③] 時間帯対象外(17時, DST): スキップ
[2026-05-12 17:30:00] [MICRO] → シグナルなし (現在値:62675 bars:306本)
[2026-05-12 17:35:00] CSV保存: micro_5min.csv
[2026-05-12 17:35:00] [SIGNAL CHECK] bar_dt=17:30 can_trade=True warmup=0
[2026-05-12 17:35:00] [系統③] 時間帯対象外(17時, DST): スキップ
[2026-05-12 17:35:00] [MICRO] → シグナルなし (現在値:62670 bars:307本)
[2026-05-12 17:40:00] CSV保存: micro_5min.csv
[2026-05-12 17:40:00] [SIGNAL CHECK] bar_dt=17:35 can_trade=True warmup=0
[2026-05-12 17:40:00] [系統③] 時間帯対象外(17時, DST): スキップ
[2026-05-12 17:40:00] [MICRO] → シグナルなし (現在値:62705 bars:308本)
[2026-05-12 17:45:00] CSV保存: micro_5min.csv
[2026-05-12 17:45:05] [SIGNAL CHECK] bar_dt=17:40 can_trade=True warmup=0
[2026-05-12 17:45:05] [系統③] 時間帯対象外(17時, DST): スキップ
[2026-05-12 17:45:05] [MICRO] → シグナルなし (現在値:62680 bars:309本)
[2026-05-12 17:50:00] CSV保存: micro_5min.csv
[2026-05-12 17:50:00] [SIGNAL CHECK] bar_dt=17:45 can_trade=True warmup=0
[2026-05-12 17:50:00] [MICRO] → シグナルなし (現在値:62690 bars:310本)
[2026-05-12 17:55:00] CSV保存: micro_5min.csv
[2026-05-12 17:55:00] [SIGNAL CHECK] bar_dt=17:50 can_trade=True warmup=0
[2026-05-12 17:55:00] [MICRO] → シグナルなし (現在値:62675 bars:311本)
[2026-05-12 18:00:00] CSV保存: micro_5min.csv
[2026-05-12 18:00:00] [SIGNAL CHECK] bar_dt=17:55 can_trade=True warmup=0
[2026-05-12 18:00:00] [LONG] [MICRO①] 系統① エントリー @ 62690  SL:62630  TP:62930  Bid:62690 Ask:62685 Spread:-5.0 SlipEst:-5.0pt
[2026-05-12 18:05:00] CSV保存: micro_5min.csv
[2026-05-12 18:05:00] [MICRO-DRY] 系統① long 保有中 @ 62690  含み:-10
[2026-05-12 18:05:00] [SIGNAL CHECK] bar_dt=18:00 can_trade=True warmup=0
[2026-05-12 18:05:00] [LONG] [MICRO①] 系統① エントリー @ 62680  SL:62620  TP:62920  Bid:62680 Ask:62675 Spread:-5.0 SlipEst:-5.0pt
[2026-05-12 18:05:32] [EXIT] [MICRO①] 系統① 決済:SL到達 @ 62630  損益:-60  本日累計:-60
[2026-05-12 18:05:33] [MICRO①③] 月次損益:-622円  DD上限:-30,000円
[2026-05-12 18:05:33] [LOG] マイクロログ保存: C:\kabu_trade\logs\micro_dry_log_all.csv
[2026-05-12 18:05:37] [EXIT] [MICRO①] 系統① 決済:SL到達 @ 62620  損益:-60  本日累計:-120
[2026-05-12 18:05:37] [MICRO①③] 月次損益:-1,244円  DD上限:-30,000円
[2026-05-12 18:05:37] [LOG] マイクロログ保存: C:\kabu_trade\logs\micro_dry_log_all.csv
[2026-05-12 18:10:00] CSV保存: micro_5min.csv
[2026-05-12 18:10:00] [SIGNAL CHECK] bar_dt=18:05 can_trade=True warmup=0
[2026-05-12 18:10:00] [LONG] [MICRO①] 系統① エントリー @ 62620  SL:62560  TP:62860  Bid:62625 Ask:62620 Spread:-5.0 SlipEst:+0.0pt
[2026-05-12 18:15:00] CSV保存: micro_5min.csv
[2026-05-12 18:15:00] [MICRO-DRY] 系統① long 保有中 @ 62620  含み:+30
[2026-05-12 18:15:01] [SIGNAL CHECK] bar_dt=18:10 can_trade=True warmup=0
[2026-05-12 18:15:01] [MICRO] → シグナルなし (現在値:62650 bars:315本)
[2026-05-12 18:20:00] CSV保存: micro_5min.csv
[2026-05-12 18:20:00] [MICRO-DRY] 系統① long 保有中 @ 62620  含み:-5
[2026-05-12 18:20:02] [SIGNAL CHECK] bar_dt=18:15 can_trade=True warmup=0
[2026-05-12 18:20:02] [MICRO] → シグナルなし (現在値:62610 bars:316本)
[2026-05-12 18:25:00] CSV保存: micro_5min.csv
[2026-05-12 18:25:00] [MICRO-DRY] 系統① long 保有中 @ 62620  含み:+20
[2026-05-12 18:25:01] [SIGNAL CHECK] bar_dt=18:20 can_trade=True warmup=0
[2026-05-12 18:25:01] [MICRO] → シグナルなし (現在値:62640 bars:317本)
[2026-05-12 18:30:00] CSV保存: micro_5min.csv
[2026-05-12 18:30:00] [MICRO-DRY] 系統① long 保有中 @ 62620  含み:-20
[2026-05-12 18:30:00] [SIGNAL CHECK] bar_dt=18:25 can_trade=True warmup=0
[2026-05-12 18:30:00] [MICRO] → シグナルなし (現在値:62600 bars:318本)
[2026-05-12 18:35:00] CSV保存: micro_5min.csv
[2026-05-12 18:35:00] [MICRO-DRY] 系統① long 保有中 @ 62620  含み:+55
[2026-05-12 18:35:01] [SIGNAL CHECK] bar_dt=18:30 can_trade=True warmup=0
[2026-05-12 18:35:01] [MICRO] → シグナルなし (現在値:62680 bars:319本)
[2026-05-12 18:40:00] CSV保存: micro_5min.csv
[2026-05-12 18:40:00] [MICRO-DRY] 系統① long 保有中 @ 62620  含み:+50
[2026-05-12 18:40:05] [SIGNAL CHECK] bar_dt=18:35 can_trade=True warmup=0
[2026-05-12 18:40:05] [MICRO] → シグナルなし (現在値:62665 bars:320本)
[2026-05-12 18:45:00] CSV保存: micro_5min.csv
[2026-05-12 18:45:00] [MICRO-DRY] 系統① long 保有中 @ 62620  含み:+40
[2026-05-12 18:45:00] [SIGNAL CHECK] bar_dt=18:40 can_trade=True warmup=0
[2026-05-12 18:45:00] [LONG] [MICRO①] 系統① エントリー @ 62660  SL:62600  TP:62900  Bid:62665 Ask:62660 Spread:-5.0 SlipEst:+0.0pt
[2026-05-12 18:50:00] CSV保存: micro_5min.csv
[2026-05-12 18:50:00] [MICRO-DRY] 系統① long 保有中 @ 62620  含み:+45
[2026-05-12 18:50:00] [MICRO-DRY] 系統① long 保有中 @ 62660  含み:+5
[2026-05-12 18:50:01] [SIGNAL CHECK] bar_dt=18:45 can_trade=True warmup=0
[2026-05-12 18:50:01] [LONG] [MICRO①] 系統① エントリー @ 62665  SL:62605  TP:62905  Bid:62665 Ask:62660 Spread:-5.0 SlipEst:-5.0pt
[2026-05-12 18:54:00] [EXIT] [MICRO①] 系統① 決済:SL到達 @ 62605  損益:-60  本日累計:-180
[2026-05-12 18:54:01] [MICRO①③] 月次損益:-1,866円  DD上限:-30,000円
[2026-05-12 18:54:01] [LOG] マイクロログ保存: C:\kabu_trade\logs\micro_dry_log_all.csv
[2026-05-12 18:54:07] [EXIT] [MICRO①] 系統① 決済:SL到達 @ 62600  損益:-60  本日累計:-240
[2026-05-12 18:54:07] [MICRO①③] 月次損益:-2,488円  DD上限:-30,000円
[2026-05-12 18:54:07] [LOG] マイクロログ保存: C:\kabu_trade\logs\micro_dry_log_all.csv
[2026-05-12 18:55:00] CSV保存: micro_5min.csv
[2026-05-12 18:55:00] [MICRO-DRY] 系統① long 保有中 @ 62620  含み:-5
[2026-05-12 18:55:02] [SIGNAL CHECK] bar_dt=18:50 can_trade=True warmup=0
[2026-05-12 18:55:02] [LONG] [MICRO①] 系統① エントリー @ 62605  SL:62545  TP:62845  Bid:62610 Ask:62605 Spread:-5.0 SlipEst:+0.0pt
[2026-05-12 19:00:00] CSV保存: micro_5min.csv
[2026-05-12 19:00:00] [MICRO-DRY] 系統① long 保有中 @ 62620  含み:+10
[2026-05-12 19:00:00] [MICRO-DRY] 系統① long 保有中 @ 62605  含み:+25
[2026-05-12 19:00:00] [SIGNAL CHECK] bar_dt=18:55 can_trade=True warmup=0
[2026-05-12 19:00:00] [系統③] 時間帯対象外(18時, DST): スキップ
[2026-05-12 19:00:00] [MICRO] → シグナルなし (現在値:62630 bars:324本)
[2026-05-12 19:05:00] CSV保存: micro_5min.csv
[2026-05-12 19:05:00] [MICRO-DRY] 系統① long 保有中 @ 62620  含み:+35
[2026-05-12 19:05:00] [MICRO-DRY] 系統① long 保有中 @ 62605  含み:+50
[2026-05-12 19:05:00] [SIGNAL CHECK] bar_dt=19:00 can_trade=True warmup=0
[2026-05-12 19:05:00] [MICRO] → シグナルなし (現在値:62655 bars:325本)
[2026-05-12 19:10:00] CSV保存: micro_5min.csv
[2026-05-12 19:10:00] [MICRO-DRY] 系統① long 保有中 @ 62620  含み:+35
[2026-05-12 19:10:00] [MICRO-DRY] 系統① long 保有中 @ 62605  含み:+50
[2026-05-12 19:10:09] [SIGNAL CHECK] bar_dt=19:05 can_trade=True warmup=0
[2026-05-12 19:10:09] [MICRO] → シグナルなし (現在値:62670 bars:326本)
[2026-05-12 19:15:00] CSV保存: micro_5min.csv
[2026-05-12 19:15:00] [MICRO-DRY] 系統① long 保有中 @ 62620  含み:+60
[2026-05-12 19:15:00] [MICRO-DRY] 系統① long 保有中 @ 62605  含み:+75
[2026-05-12 19:15:01] [SIGNAL CHECK] bar_dt=19:10 can_trade=True warmup=0
[2026-05-12 19:15:01] [LONG] [MICRO①] 系統① エントリー @ 62680  SL:62620  TP:62920  Bid:62685 Ask:62675 Spread:-10.0 SlipEst:-5.0pt
[2026-05-12 19:20:00] CSV保存: micro_5min.csv
[2026-05-12 19:20:00] [MICRO-DRY] 系統① long 保有中 @ 62620  含み:+30
[2026-05-12 19:20:00] [MICRO-DRY] 系統① long 保有中 @ 62605  含み:+45
[2026-05-12 19:20:00] [MICRO-DRY] 系統① long 保有中 @ 62680  含み:-30
[2026-05-12 19:20:00] [SIGNAL CHECK] bar_dt=19:15 can_trade=True warmup=0
[2026-05-12 19:20:00] [LONG] [MICRO①] 系統① エントリー @ 62645  SL:62585  TP:62885  Bid:62650 Ask:62645 Spread:-5.0 SlipEst:+0.0pt
[2026-05-12 19:25:00] CSV保存: micro_5min.csv
[2026-05-12 19:25:00] [MICRO-DRY] 系統① long 保有中 @ 62620  含み:+25
[2026-05-12 19:25:00] [MICRO-DRY] 系統① long 保有中 @ 62605  含み:+40
[2026-05-12 19:25:00] [MICRO-DRY] 系統① long 保有中 @ 62680  含み:-35
[2026-05-12 19:25:00] [MICRO-DRY] 系統① long 保有中 @ 62645  含み:+0
[2026-05-12 19:25:10] [SIGNAL CHECK] bar_dt=19:20 can_trade=True warmup=0
[2026-05-12 19:25:10] [MICRO] → シグナルなし (現在値:62640 bars:329本)
[2026-05-12 19:26:00] [EXIT] [MICRO①] 系統① 決済:SL到達 @ 62620  損益:-60  本日累計:-300
[2026-05-12 19:26:01] [MICRO①③] 月次損益:-3,110円  DD上限:-30,000円
[2026-05-12 19:26:01] [LOG] マイクロログ保存: C:\kabu_trade\logs\micro_dry_log_all.csv
[2026-05-12 19:30:00] CSV保存: micro_5min.csv
[2026-05-12 19:30:00] [MICRO-DRY] 系統① long 保有中 @ 62620  含み:+20
[2026-05-12 19:30:00] [MICRO-DRY] 系統① long 保有中 @ 62605  含み:+35
[2026-05-12 19:30:00] [MICRO-DRY] 系統① long 保有中 @ 62645  含み:-5
[2026-05-12 19:30:01] [SIGNAL CHECK] bar_dt=19:25 can_trade=True warmup=0
[2026-05-12 19:30:01] [MICRO] → シグナルなし (現在値:62645 bars:330本)
[2026-05-12 19:35:00] CSV保存: micro_5min.csv
[2026-05-12 19:35:00] [MICRO-DRY] 系統① long 保有中 @ 62620  含み:+15
[2026-05-12 19:35:00] [MICRO-DRY] 系統① long 保有中 @ 62605  含み:+30
[2026-05-12 19:35:00] [MICRO-DRY] 系統① long 保有中 @ 62645  含み:-10
[2026-05-12 19:35:02] [SIGNAL CHECK] bar_dt=19:30 can_trade=True warmup=0
[2026-05-12 19:35:02] [MICRO] → シグナルなし (現在値:62630 bars:331本)
[2026-05-12 19:40:00] CSV保存: micro_5min.csv
[2026-05-12 19:40:00] [MICRO-DRY] 系統① long 保有中 @ 62620  含み:-5
[2026-05-12 19:40:00] [MICRO-DRY] 系統① long 保有中 @ 62605  含み:+10
[2026-05-12 19:40:00] [MICRO-DRY] 系統① long 保有中 @ 62645  含み:-30
[2026-05-12 19:40:00] [SIGNAL CHECK] bar_dt=19:35 can_trade=True warmup=0
[2026-05-12 19:40:00] [SHORT] [MICRO③] 系統③ エントリー @ 62615  SL:62675  TP:62375  Bid:62620 Ask:62615 Spread:-5.0 SlipEst:-5.0pt
[2026-05-12 19:42:05] [EXIT] [MICRO①] 系統① 決済:SL到達 @ 62585  損益:-60  本日累計:-360
[2026-05-12 19:42:05] [MICRO①③] 月次損益:-3,732円  DD上限:-30,000円
[2026-05-12 19:42:05] [LOG] マイクロログ保存: C:\kabu_trade\logs\micro_dry_log_all.csv
[2026-05-12 19:43:01] [EXIT] [MICRO①] 系統① 決済:SL到達 @ 62560  損益:-60  本日累計:-420
[2026-05-12 19:43:02] [MICRO①③] 月次損益:-4,354円  DD上限:-30,000円
[2026-05-12 19:43:02] [LOG] マイクロログ保存: C:\kabu_trade\logs\micro_dry_log_all.csv
[2026-05-12 19:43:22] [EXIT] [MICRO①] 系統① 決済:SL到達 @ 62545  損益:-60  本日累計:-480
[2026-05-12 19:43:22] [MICRO①③] 月次損益:-4,976円  DD上限:-30,000円
[2026-05-12 19:43:22] [LOG] マイクロログ保存: C:\kabu_trade\logs\micro_dry_log_all.csv
[2026-05-12 19:45:00] CSV保存: micro_5min.csv
[2026-05-12 19:45:00] [MICRO-DRY] 系統③ short 保有中 @ 62615  含み:+55
[2026-05-12 19:45:00] [SIGNAL CHECK] bar_dt=19:40 can_trade=True warmup=0
[2026-05-12 19:45:00] [SHORT] [MICRO③] 系統③ エントリー @ 62560  SL:62620  TP:62320  Bid:62565 Ask:62560 Spread:-5.0 SlipEst:-5.0pt
[2026-05-12 19:50:00] CSV保存: micro_5min.csv
[2026-05-12 19:50:00] [MICRO-DRY] 系統③ short 保有中 @ 62615  含み:+80
[2026-05-12 19:50:00] [MICRO-DRY] 系統③ short 保有中 @ 62560  含み:+25
[2026-05-12 19:50:01] [SIGNAL CHECK] bar_dt=19:45 can_trade=True warmup=0
[2026-05-12 19:50:01] [SHORT] [MICRO③] 系統③ エントリー @ 62530  SL:62590  TP:62290  Bid:62535 Ask:62530 Spread:-5.0 SlipEst:-5.0pt
[2026-05-12 19:55:00] CSV保存: micro_5min.csv
[2026-05-12 19:55:00] [MICRO-DRY] 系統③ short 保有中 @ 62615  含み:+95
[2026-05-12 19:55:00] [MICRO-DRY] 系統③ short 保有中 @ 62560  含み:+40
[2026-05-12 19:55:00] [MICRO-DRY] 系統③ short 保有中 @ 62530  含み:+10
[2026-05-12 19:55:02] [SIGNAL CHECK] bar_dt=19:50 can_trade=True warmup=0
[2026-05-12 19:55:02] [SHORT] [MICRO③] 系統③ エントリー @ 62515  SL:62575  TP:62275  Bid:62520 Ask:62515 Spread:-5.0 SlipEst:-5.0pt
[2026-05-12 20:00:00] CSV保存: micro_5min.csv
[2026-05-12 20:00:00] [MICRO-DRY] 系統③ short 保有中 @ 62615  含み:+70
[2026-05-12 20:00:00] [MICRO-DRY] 系統③ short 保有中 @ 62560  含み:+15
[2026-05-12 20:00:00] [MICRO-DRY] 系統③ short 保有中 @ 62530  含み:-15
[2026-05-12 20:00:00] [MICRO-DRY] 系統③ short 保有中 @ 62515  含み:-30
[2026-05-12 20:00:00] [DEBUG:entry] bar_dt=19:55 now=20:00:00 bar_age=-1435.0min bars=336
[2026-05-12 20:00:00] [SIGNAL CHECK] bar_dt=19:55 can_trade=True warmup=0
[2026-05-12 20:00:00] [SHORT] [MICRO③] 系統③ エントリー @ 62545  SL:62605  TP:62305  Bid:62545 Ask:62540 Spread:-5.0 SlipEst:+0.0pt
[2026-05-12 20:00:10] [EXIT] [MICRO③] 系統③ 決済:SL到達 @ 62575  損益:-60  本日累計:-540
[2026-05-12 20:00:10] [MICRO①③] 月次損益:-5,598円  DD上限:-30,000円
[2026-05-12 20:00:10] [LOG] マイクロログ保存: C:\kabu_trade\logs\micro_dry_log_all.csv
[2026-05-12 20:05:00] CSV保存: micro_5min.csv
[2026-05-12 20:05:00] [MICRO-DRY] 系統③ short 保有中 @ 62615  含み:+115
[2026-05-12 20:05:00] [MICRO-DRY] 系統③ short 保有中 @ 62560  含み:+60
[2026-05-12 20:05:00] [MICRO-DRY] 系統③ short 保有中 @ 62530  含み:+30
[2026-05-12 20:05:00] [MICRO-DRY] 系統③ short 保有中 @ 62545  含み:+45
[2026-05-12 20:05:00] [DEBUG:entry] bar_dt=20:00 now=20:05:00 bar_age=-1435.0min bars=337
[2026-05-12 20:05:00] [SIGNAL CHECK] bar_dt=20:00 can_trade=True warmup=0
[2026-05-12 20:05:00] [SHORT] [MICRO③] 系統③ エントリー @ 62495  SL:62555  TP:62255  Bid:62495 Ask:62490 Spread:-5.0 SlipEst:+0.0pt
[2026-05-12 20:10:00] CSV保存: micro_5min.csv
[2026-05-12 20:10:00] [MICRO-DRY] 系統③ short 保有中 @ 62615  含み:+85
[2026-05-12 20:10:00] [MICRO-DRY] 系統③ short 保有中 @ 62560  含み:+30
[2026-05-12 20:10:00] [MICRO-DRY] 系統③ short 保有中 @ 62530  含み:+0
[2026-05-12 20:10:00] [MICRO-DRY] 系統③ short 保有中 @ 62545  含み:+15
[2026-05-12 20:10:00] [MICRO-DRY] 系統③ short 保有中 @ 62495  含み:-35
[2026-05-12 20:10:00] [DEBUG:entry] bar_dt=20:05 now=20:10:00 bar_age=-1435.0min bars=338
[2026-05-12 20:10:00] [SIGNAL CHECK] bar_dt=20:05 can_trade=True warmup=0
[2026-05-12 20:10:00] [SHORT] [MICRO③] 系統③ エントリー @ 62530  SL:62590  TP:62290  Bid:62530 Ask:62525 Spread:-5.0 SlipEst:+0.0pt
[2026-05-12 20:10:05] [EXIT] [MICRO③] 系統③ 決済:SL到達 @ 62555  損益:-60  本日累計:-600
[2026-05-12 20:10:06] [MICRO①③] 月次損益:-6,220円  DD上限:-30,000円
[2026-05-12 20:10:06] [LOG] マイクロログ保存: C:\kabu_trade\logs\micro_dry_log_all.csv
[2026-05-12 20:10:16] [EXIT] [MICRO③] 系統③ 決済:SL到達 @ 62590  損益:-60  本日累計:-660
[2026-05-12 20:10:17] [MICRO①③] 月次損益:-6,842円  DD上限:-30,000円
[2026-05-12 20:10:17] [LOG] マイクロログ保存: C:\kabu_trade\logs\micro_dry_log_all.csv
[2026-05-12 20:10:17] [EXIT] [MICRO③] 系統③ 決済:SL到達 @ 62590  損益:-60  本日累計:-720
[2026-05-12 20:10:17] [MICRO①③] 月次損益:-7,464円  DD上限:-30,000円
[2026-05-12 20:10:17] [LOG] マイクロログ保存: C:\kabu_trade\logs\micro_dry_log_all.csv
[2026-05-12 20:10:21] [EXIT] [MICRO③] 系統③ 決済:SL到達 @ 62605  損益:-60  本日累計:-780
[2026-05-12 20:10:21] [MICRO①③] 月次損益:-8,086円  DD上限:-30,000円
[2026-05-12 20:10:21] [LOG] マイクロログ保存: C:\kabu_trade\logs\micro_dry_log_all.csv
[2026-05-12 20:15:00] CSV保存: micro_5min.csv
[2026-05-12 20:15:00] [MICRO-DRY] 系統③ short 保有中 @ 62615  含み:+145
[2026-05-12 20:15:00] [MICRO-DRY] 系統③ short 保有中 @ 62560  含み:+90
[2026-05-12 20:15:01] [DEBUG:entry] bar_dt=20:10 now=20:15:01 bar_age=-1435.0min bars=339
[2026-05-12 20:15:01] [SIGNAL CHECK] bar_dt=20:10 can_trade=True warmup=0
[2026-05-12 20:15:01] [SHORT] [MICRO③] 系統③ エントリー @ 62470  SL:62530  TP:62230  Bid:62475 Ask:62470 Spread:-5.0 SlipEst:-5.0pt
[2026-05-12 20:20:00] CSV保存: micro_5min.csv
[2026-05-12 20:20:00] [MICRO-DRY] 系統③ short 保有中 @ 62615  含み:+155
[2026-05-12 20:20:00] [MICRO-DRY] 系統③ short 保有中 @ 62560  含み:+100
[2026-05-12 20:20:00] [MICRO-DRY] 系統③ short 保有中 @ 62470  含み:+10
[2026-05-12 20:20:00] [DEBUG:entry] bar_dt=20:15 now=20:20:00 bar_age=-1435.0min bars=340
[2026-05-12 20:20:00] [SIGNAL CHECK] bar_dt=20:15 can_trade=True warmup=0
[2026-05-12 20:20:00] [SHORT] [MICRO③] 系統③ エントリー @ 62460  SL:62520  TP:62220  Bid:62455 Ask:62450 Spread:-5.0 SlipEst:+5.0pt
[2026-05-12 20:25:00] CSV保存: micro_5min.csv
[2026-05-12 20:25:00] [MICRO-DRY] 系統③ short 保有中 @ 62615  含み:+135
[2026-05-12 20:25:00] [MICRO-DRY] 系統③ short 保有中 @ 62560  含み:+80
[2026-05-12 20:25:00] [MICRO-DRY] 系統③ short 保有中 @ 62470  含み:-10
[2026-05-12 20:25:00] [MICRO-DRY] 系統③ short 保有中 @ 62460  含み:-20
[2026-05-12 20:25:01] [DEBUG:entry] bar_dt=20:20 now=20:25:01 bar_age=-1435.0min bars=341
[2026-05-12 20:25:01] [SIGNAL CHECK] bar_dt=20:20 can_trade=True warmup=0
[2026-05-12 20:25:01] [SHORT] [MICRO③] 系統③ エントリー @ 62480  SL:62540  TP:62240  Bid:62480 Ask:62475 Spread:-5.0 SlipEst:+0.0pt
[2026-05-12 20:30:00] CSV保存: micro_5min.csv
[2026-05-12 20:30:00] [MICRO-DRY] 系統③ short 保有中 @ 62615  含み:+105
[2026-05-12 20:30:00] [MICRO-DRY] 系統③ short 保有中 @ 62560  含み:+50
[2026-05-12 20:30:00] [MICRO-DRY] 系統③ short 保有中 @ 62470  含み:-40
[2026-05-12 20:30:00] [MICRO-DRY] 系統③ short 保有中 @ 62460  含み:-50
[2026-05-12 20:30:00] [MICRO-DRY] 系統③ short 保有中 @ 62480  含み:-30
[2026-05-12 20:30:00] [DEBUG:entry] bar_dt=20:25 now=20:30:00 bar_age=-1435.0min bars=342
[2026-05-12 20:30:00] [SIGNAL CHECK] bar_dt=20:25 can_trade=True warmup=0
[2026-05-12 20:30:00] [SHORT] [MICRO③] 系統③ エントリー @ 62510  SL:62570  TP:62270  Bid:62510 Ask:62505 Spread:-5.0 SlipEst:+0.0pt
[2026-05-12 20:30:12] [EXIT] [MICRO③] 系統③ 決済:SL到達 @ 62525  損益:-65  本日累計:-845
[2026-05-12 20:30:12] [MICRO①③] 月次損益:-8,758円  DD上限:-30,000円
[2026-05-12 20:30:12] [LOG] マイクロログ保存: C:\kabu_trade\logs\micro_dry_log_all.csv
[2026-05-12 20:35:00] CSV保存: micro_5min.csv
[2026-05-12 20:35:00] [MICRO-DRY] 系統③ short 保有中 @ 62615  含み:+115
[2026-05-12 20:35:00] [MICRO-DRY] 系統③ short 保有中 @ 62560  含み:+60
[2026-05-12 20:35:00] [MICRO-DRY] 系統③ short 保有中 @ 62470  含み:-30
[2026-05-12 20:35:00] [MICRO-DRY] 系統③ short 保有中 @ 62480  含み:-20
[2026-05-12 20:35:00] [MICRO-DRY] 系統③ short 保有中 @ 62510  含み:+10
[2026-05-12 20:35:00] [DEBUG:entry] bar_dt=20:30 now=20:35:00 bar_age=-1435.0min bars=343
[2026-05-12 20:35:00] [SIGNAL CHECK] bar_dt=20:30 can_trade=True warmup=0
[2026-05-12 20:35:00] [SHORT] [MICRO③] 系統③ エントリー @ 62500  SL:62560  TP:62260  Bid:62500 Ask:62495 Spread:-5.0 SlipEst:+0.0pt
[2026-05-12 20:39:30] [EXIT] [MICRO③] 系統③ 決済:SL到達 @ 62530  損益:-60  本日累計:-905
[2026-05-12 20:39:30] [MICRO①③] 月次損益:-9,380円  DD上限:-30,000円
[2026-05-12 20:39:30] [LOG] マイクロログ保存: C:\kabu_trade\logs\micro_dry_log_all.csv
[2026-05-12 20:40:00] CSV保存: micro_5min.csv
[2026-05-12 20:40:00] [MICRO-DRY] 系統③ short 保有中 @ 62615  含み:+90
[2026-05-12 20:40:00] [MICRO-DRY] 系統③ short 保有中 @ 62560  含み:+35
[2026-05-12 20:40:00] [MICRO-DRY] 系統③ short 保有中 @ 62480  含み:-45
[2026-05-12 20:40:00] [MICRO-DRY] 系統③ short 保有中 @ 62510  含み:-15
[2026-05-12 20:40:00] [MICRO-DRY] 系統③ short 保有中 @ 62500  含み:-25
[2026-05-12 20:40:01] [EXIT] [MICRO③] 系統③ 決済:SL到達 @ 62540  損益:-60  本日累計:-965
[2026-05-12 20:40:02] [MICRO①③] 月次損益:-10,002円  DD上限:-30,000円
[2026-05-12 20:40:02] [LOG] マイクロログ保存: C:\kabu_trade\logs\micro_dry_log_all.csv
[2026-05-12 20:40:02] [DEBUG:entry] bar_dt=20:35 now=20:40:01 bar_age=-1435.0min bars=344
[2026-05-12 20:40:02] [SIGNAL CHECK] bar_dt=20:35 can_trade=True warmup=0
[2026-05-12 20:40:02] [SHORT] [MICRO③] 系統③ エントリー @ 62540  SL:62600  TP:62300  Bid:62540 Ask:62535 Spread:-5.0 SlipEst:+0.0pt
[2026-05-12 20:45:00] CSV保存: micro_5min.csv
[2026-05-12 20:45:00] [MICRO-DRY] 系統③ short 保有中 @ 62615  含み:+95
[2026-05-12 20:45:00] [MICRO-DRY] 系統③ short 保有中 @ 62560  含み:+40
[2026-05-12 20:45:00] [MICRO-DRY] 系統③ short 保有中 @ 62510  含み:-10
[2026-05-12 20:45:00] [MICRO-DRY] 系統③ short 保有中 @ 62500  含み:-20
[2026-05-12 20:45:00] [MICRO-DRY] 系統③ short 保有中 @ 62540  含み:+20
[2026-05-12 20:45:01] [DEBUG:entry] bar_dt=20:40 now=20:45:01 bar_age=-1435.0min bars=345
[2026-05-12 20:45:01] [SIGNAL CHECK] bar_dt=20:40 can_trade=True warmup=0
[2026-05-12 20:45:01] [MICRO] → シグナルなし (現在値:62520 bars:345本)
[2026-05-12 20:50:00] CSV保存: micro_5min.csv
[2026-05-12 20:50:00] [MICRO-DRY] 系統③ short 保有中 @ 62615  含み:+95
[2026-05-12 20:50:00] [MICRO-DRY] 系統③ short 保有中 @ 62560  含み:+40
[2026-05-12 20:50:00] [MICRO-DRY] 系統③ short 保有中 @ 62510  含み:-10
[2026-05-12 20:50:00] [MICRO-DRY] 系統③ short 保有中 @ 62500  含み:-20
[2026-05-12 20:50:00] [MICRO-DRY] 系統③ short 保有中 @ 62540  含み:+20
[2026-05-12 20:50:01] [DEBUG:entry] bar_dt=20:45 now=20:50:00 bar_age=-1435.0min bars=346
[2026-05-12 20:50:01] [SIGNAL CHECK] bar_dt=20:45 can_trade=True warmup=0
[2026-05-12 20:50:01] [LONG] [MICRO①] 系統① エントリー @ 62525  SL:62465  TP:62765  Bid:62525 Ask:62515 Spread:-10.0 SlipEst:-10.0pt
[2026-05-12 20:55:00] CSV保存: micro_5min.csv
[2026-05-12 20:55:00] [MICRO-DRY] 系統③ short 保有中 @ 62615  含み:+135
[2026-05-12 20:55:00] [MICRO-DRY] 系統③ short 保有中 @ 62560  含み:+80
[2026-05-12 20:55:00] [MICRO-DRY] 系統③ short 保有中 @ 62510  含み:+30
[2026-05-12 20:55:00] [MICRO-DRY] 系統③ short 保有中 @ 62500  含み:+20
[2026-05-12 20:55:00] [MICRO-DRY] 系統③ short 保有中 @ 62540  含み:+60
[2026-05-12 20:55:00] [MICRO-DRY] 系統① long 保有中 @ 62525  含み:-45
[2026-05-12 20:55:03] [DEBUG:entry] bar_dt=20:50 now=20:55:03 bar_age=-1434.9min bars=347
[2026-05-12 20:55:03] [SIGNAL CHECK] bar_dt=20:50 can_trade=True warmup=0
[2026-05-12 20:55:03] [LONG] [MICRO①] 系統① エントリー @ 62480  SL:62420  TP:62720  Bid:62480 Ask:62475 Spread:-5.0 SlipEst:-5.0pt
[2026-05-12 20:57:26] [EXIT] [MICRO①] 系統① 決済:SL到達 @ 62465  損益:-60  本日累計:-1025
[2026-05-12 20:57:26] [MICRO①③] 月次損益:-10,624円  DD上限:-30,000円
[2026-05-12 20:57:26] [LOG] マイクロログ保存: C:\kabu_trade\logs\micro_dry_log_all.csv
[2026-05-12 21:00:00] CSV保存: micro_5min.csv
[2026-05-12 21:00:00] [MICRO-DRY] 系統③ short 保有中 @ 62615  含み:+160
[2026-05-12 21:00:00] [MICRO-DRY] 系統③ short 保有中 @ 62560  含み:+105
[2026-05-12 21:00:00] [MICRO-DRY] 系統③ short 保有中 @ 62510  含み:+55
[2026-05-12 21:00:00] [MICRO-DRY] 系統③ short 保有中 @ 62500  含み:+45
[2026-05-12 21:00:00] [MICRO-DRY] 系統③ short 保有中 @ 62540  含み:+85
[2026-05-12 21:00:00] [MICRO-DRY] 系統① long 保有中 @ 62480  含み:-25
[2026-05-12 21:00:00] [DEBUG:entry] bar_dt=20:55 now=21:00:00 bar_age=-1435.0min bars=348
[2026-05-12 21:00:00] [SIGNAL CHECK] bar_dt=20:55 can_trade=True warmup=0
[2026-05-12 21:00:00] [SHORT] [MICRO③] 系統③ エントリー @ 62455  SL:62515  TP:62215  Bid:62460 Ask:62455 Spread:-5.0 SlipEst:-5.0pt
[2026-05-12 21:03:00] [EXIT] [MICRO①] 系統① 決済:SL到達 @ 62420  損益:-60  本日累計:-1085
[2026-05-12 21:03:00] [MICRO①③] 月次損益:-11,246円  DD上限:-30,000円
[2026-05-12 21:03:00] [LOG] マイクロログ保存: C:\kabu_trade\logs\micro_dry_log_all.csv
[2026-05-12 21:05:00] CSV保存: micro_5min.csv
[2026-05-12 21:05:00] [MICRO-DRY] 系統③ short 保有中 @ 62615  含み:+220
[2026-05-12 21:05:00] [MICRO-DRY] 系統③ short 保有中 @ 62560  含み:+165
[2026-05-12 21:05:00] [MICRO-DRY] 系統③ short 保有中 @ 62510  含み:+115
[2026-05-12 21:05:00] [MICRO-DRY] 系統③ short 保有中 @ 62500  含み:+105
[2026-05-12 21:05:00] [MICRO-DRY] 系統③ short 保有中 @ 62540  含み:+145
[2026-05-12 21:05:00] [MICRO-DRY] 系統③ short 保有中 @ 62455  含み:+60
[2026-05-12 21:05:01] [DEBUG:entry] bar_dt=21:00 now=21:05:01 bar_age=-1435.0min bars=349
[2026-05-12 21:05:01] [SIGNAL CHECK] bar_dt=21:00 can_trade=True warmup=0
[2026-05-12 21:05:01] [系統③] 時間帯対象外(21時, DST): スキップ
[2026-05-12 21:05:01] [MICRO] → シグナルなし (現在値:62400 bars:349本)
[2026-05-12 21:06:58] [EXIT] [MICRO③] 系統③ 決済:TP到達 @ 62370  損益:+245  本日累計:-840
[2026-05-12 21:06:58] [MICRO①③] 月次損益:-8,818円  DD上限:-30,000円
[2026-05-12 21:06:58] [LOG] マイクロログ保存: C:\kabu_trade\logs\micro_dry_log_all.csv
[2026-05-12 21:10:00] CSV保存: micro_5min.csv
[2026-05-12 21:10:00] [MICRO-DRY] 系統③ short 保有中 @ 62560  含み:+185
[2026-05-12 21:10:00] [MICRO-DRY] 系統③ short 保有中 @ 62510  含み:+135
[2026-05-12 21:10:00] [MICRO-DRY] 系統③ short 保有中 @ 62500  含み:+125
[2026-05-12 21:10:00] [MICRO-DRY] 系統③ short 保有中 @ 62540  含み:+165
[2026-05-12 21:10:00] [MICRO-DRY] 系統③ short 保有中 @ 62455  含み:+80
[2026-05-12 21:10:01] [DEBUG:entry] bar_dt=21:05 now=21:10:01 bar_age=-1435.0min bars=350
[2026-05-12 21:10:01] [SIGNAL CHECK] bar_dt=21:05 can_trade=True warmup=0
[2026-05-12 21:10:01] [系統③] 時間帯対象外(21時, DST): スキップ
[2026-05-12 21:10:01] [MICRO] → シグナルなし (現在値:62380 bars:350本)
[2026-05-12 21:15:00] CSV保存: micro_5min.csv
[2026-05-12 21:15:00] [MICRO-DRY] 系統③ short 保有中 @ 62560  含み:+130
[2026-05-12 21:15:00] [MICRO-DRY] 系統③ short 保有中 @ 62510  含み:+80
[2026-05-12 21:15:00] [MICRO-DRY] 系統③ short 保有中 @ 62500  含み:+70
[2026-05-12 21:15:00] [MICRO-DRY] 系統③ short 保有中 @ 62540  含み:+110
[2026-05-12 21:15:00] [MICRO-DRY] 系統③ short 保有中 @ 62455  含み:+25
[2026-05-12 21:15:00] [DEBUG:entry] bar_dt=21:10 now=21:15:00 bar_age=-1435.0min bars=351
[2026-05-12 21:15:00] [SIGNAL CHECK] bar_dt=21:10 can_trade=True warmup=0
[2026-05-12 21:15:00] [系統③] 時間帯対象外(21時, DST): スキップ
[2026-05-12 21:15:00] [MICRO] → シグナルなし (現在値:62430 bars:351本)
[2026-05-12 21:20:00] CSV保存: micro_5min.csv
[2026-05-12 21:20:00] [MICRO-DRY] 系統③ short 保有中 @ 62560  含み:+140
[2026-05-12 21:20:00] [MICRO-DRY] 系統③ short 保有中 @ 62510  含み:+90
[2026-05-12 21:20:00] [MICRO-DRY] 系統③ short 保有中 @ 62500  含み:+80
[2026-05-12 21:20:00] [MICRO-DRY] 系統③ short 保有中 @ 62540  含み:+120
[2026-05-12 21:20:00] [MICRO-DRY] 系統③ short 保有中 @ 62455  含み:+35
[2026-05-12 21:20:00] [DEBUG:entry] bar_dt=21:15 now=21:20:00 bar_age=-1435.0min bars=352
[2026-05-12 21:20:00] [SIGNAL CHECK] bar_dt=21:15 can_trade=True warmup=0
[2026-05-12 21:20:00] [系統③] 時間帯対象外(21時, DST): スキップ
[2026-05-12 21:20:00] [MICRO] → シグナルなし (現在値:62420 bars:352本)
[2026-05-12 21:25:00] CSV保存: micro_5min.csv
[2026-05-12 21:25:00] [MICRO-DRY] 系統③ short 保有中 @ 62560  含み:+165
[2026-05-12 21:25:00] [MICRO-DRY] 系統③ short 保有中 @ 62510  含み:+115
[2026-05-12 21:25:00] [MICRO-DRY] 系統③ short 保有中 @ 62500  含み:+105
[2026-05-12 21:25:00] [MICRO-DRY] 系統③ short 保有中 @ 62540  含み:+145
[2026-05-12 21:25:00] [MICRO-DRY] 系統③ short 保有中 @ 62455  含み:+60
[2026-05-12 21:25:00] [DEBUG:entry] bar_dt=21:20 now=21:25:00 bar_age=-1435.0min bars=353
[2026-05-12 21:25:00] [SIGNAL CHECK] bar_dt=21:20 can_trade=True warmup=0
[2026-05-12 21:25:00] [系統③] 時間帯対象外(21時, DST): スキップ
[2026-05-12 21:25:00] [MICRO] → シグナルなし (現在値:62395 bars:353本)
[2026-05-12 21:30:00] CSV保存: micro_5min.csv
[2026-05-12 21:30:00] [MICRO-DRY] 系統③ short 保有中 @ 62560  含み:+135
[2026-05-12 21:30:00] [MICRO-DRY] 系統③ short 保有中 @ 62510  含み:+85
[2026-05-12 21:30:00] [MICRO-DRY] 系統③ short 保有中 @ 62500  含み:+75
[2026-05-12 21:30:00] [MICRO-DRY] 系統③ short 保有中 @ 62540  含み:+115
[2026-05-12 21:30:00] [MICRO-DRY] 系統③ short 保有中 @ 62455  含み:+30
[2026-05-12 21:30:01] [DEBUG:entry] bar_dt=21:25 now=21:30:01 bar_age=-1435.0min bars=354
[2026-05-12 21:30:01] [SIGNAL CHECK] bar_dt=21:25 can_trade=True warmup=0
[2026-05-12 21:30:01] [系統③] 時間帯対象外(21時, DST): スキップ
[2026-05-12 21:30:01] [MICRO] → シグナルなし (現在値:62460 bars:354本)
[2026-05-12 21:35:00] CSV保存: micro_5min.csv
[2026-05-12 21:35:00] [MICRO-DRY] 系統③ short 保有中 @ 62560  含み:+105
[2026-05-12 21:35:00] [MICRO-DRY] 系統③ short 保有中 @ 62510  含み:+55
[2026-05-12 21:35:00] [MICRO-DRY] 系統③ short 保有中 @ 62500  含み:+45
[2026-05-12 21:35:00] [MICRO-DRY] 系統③ short 保有中 @ 62540  含み:+85
[2026-05-12 21:35:00] [MICRO-DRY] 系統③ short 保有中 @ 62455  含み:+0
[2026-05-12 21:35:00] [DEBUG:entry] bar_dt=21:30 now=21:35:00 bar_age=-1435.0min bars=355
[2026-05-12 21:35:00] [SIGNAL CHECK] bar_dt=21:30 can_trade=True warmup=0
[2026-05-12 21:35:00] [MICRO] → シグナルなし (現在値:62455 bars:355本)
[2026-05-12 21:37:13] [EXIT] [MICRO③] 系統③ 決済:SL到達 @ 62515  損益:-60  本日累計:-900
[2026-05-12 21:37:14] [MICRO①③] 月次損益:-9,440円  DD上限:-30,000円
[2026-05-12 21:37:14] [LOG] マイクロログ保存: C:\kabu_trade\logs\micro_dry_log_all.csv
[2026-05-12 21:39:13] [EXIT] [MICRO③] 系統③ 決済:SL到達 @ 62560  損益:-60  本日累計:-960
[2026-05-12 21:39:13] [MICRO①③] 月次損益:-10,062円  DD上限:-30,000円
[2026-05-12 21:39:13] [LOG] マイクロログ保存: C:\kabu_trade\logs\micro_dry_log_all.csv
[2026-05-12 21:39:21] [EXIT] [MICRO③] 系統③ 決済:SL到達 @ 62575  損益:-65  本日累計:-1025
[2026-05-12 21:39:21] [MICRO①③] 月次損益:-10,734円  DD上限:-30,000円
[2026-05-12 21:39:21] [LOG] マイクロログ保存: C:\kabu_trade\logs\micro_dry_log_all.csv
[2026-05-12 21:40:00] CSV保存: micro_5min.csv
[2026-05-12 21:40:00] [MICRO-DRY] 系統③ short 保有中 @ 62560  含み:-15
[2026-05-12 21:40:00] [MICRO-DRY] 系統③ short 保有中 @ 62540  含み:-35
[2026-05-12 21:40:00] [DEBUG:entry] bar_dt=21:35 now=21:40:00 bar_age=-1435.0min bars=356
[2026-05-12 21:40:00] [SIGNAL CHECK] bar_dt=21:35 can_trade=True warmup=0
[2026-05-12 21:40:00] [MICRO] → シグナルなし (現在値:62575 bars:356本)
[2026-05-12 21:40:15] [EXIT] [MICRO③] 系統③ 決済:SL到達 @ 62600  損益:-60  本日累計:-1085
[2026-05-12 21:40:16] [MICRO①③] 月次損益:-11,356円  DD上限:-30,000円
[2026-05-12 21:40:16] [LOG] マイクロログ保存: C:\kabu_trade\logs\micro_dry_log_all.csv
[2026-05-12 21:45:00] CSV保存: micro_5min.csv
[2026-05-12 21:45:00] [MICRO-DRY] 系統③ short 保有中 @ 62560  含み:+0
[2026-05-12 21:45:01] [DEBUG:entry] bar_dt=21:40 now=21:45:01 bar_age=-1435.0min bars=357
[2026-05-12 21:45:01] [SIGNAL CHECK] bar_dt=21:40 can_trade=True warmup=0
[2026-05-12 21:45:01] [LONG] [MICRO①] 系統① エントリー @ 62555  SL:62495  TP:62795  Bid:62565 Ask:62560 Spread:-5.0 SlipEst:+5.0pt
[2026-05-12 21:50:00] CSV保存: micro_5min.csv
[2026-05-12 21:50:00] [MICRO-DRY] 系統③ short 保有中 @ 62560  含み:-25
[2026-05-12 21:50:00] [MICRO-DRY] 系統① long 保有中 @ 62555  含み:+30
[2026-05-12 21:50:00] [DEBUG:entry] bar_dt=21:45 now=21:50:00 bar_age=-1435.0min bars=358
[2026-05-12 21:50:00] [SIGNAL CHECK] bar_dt=21:45 can_trade=True warmup=0
[2026-05-12 21:50:00] [LONG] [MICRO①] 系統① エントリー @ 62585  SL:62525  TP:62825  Bid:62585 Ask:62580 Spread:-5.0 SlipEst:-5.0pt
[2026-05-12 21:51:37] [EXIT] [MICRO③] 系統③ 決済:SL到達 @ 62625  損益:-65  本日累計:-1150
[2026-05-12 21:51:38] [MICRO①③] 月次損益:-12,028円  DD上限:-30,000円
[2026-05-12 21:51:38] [LOG] マイクロログ保存: C:\kabu_trade\logs\micro_dry_log_all.csv
[2026-05-12 21:55:00] CSV保存: micro_5min.csv
[2026-05-12 21:55:00] [MICRO-DRY] 系統① long 保有中 @ 62555  含み:+85
[2026-05-12 21:55:00] [MICRO-DRY] 系統① long 保有中 @ 62585  含み:+55
[2026-05-12 21:55:01] [DEBUG:entry] bar_dt=21:50 now=21:55:01 bar_age=-1435.0min bars=359
[2026-05-12 21:55:01] [SIGNAL CHECK] bar_dt=21:50 can_trade=True warmup=0
[2026-05-12 21:55:01] [LONG] [MICRO①] 系統① エントリー @ 62645  SL:62585  TP:62885  Bid:62650 Ask:62640 Spread:-10.0 SlipEst:-5.0pt
[2026-05-12 22:00:00] CSV保存: micro_5min.csv
[2026-05-12 22:00:00] [MICRO-DRY] 系統① long 保有中 @ 62555  含み:+55
[2026-05-12 22:00:00] [MICRO-DRY] 系統① long 保有中 @ 62585  含み:+25
[2026-05-12 22:00:00] [MICRO-DRY] 系統① long 保有中 @ 62645  含み:-35
[2026-05-12 22:00:00] [DEBUG:entry] bar_dt=21:55 now=22:00:00 bar_age=-1435.0min bars=360
[2026-05-12 22:00:00] [SIGNAL CHECK] bar_dt=21:55 can_trade=True warmup=0
[2026-05-12 22:00:00] [MICRO] → シグナルなし (現在値:62610 bars:360本)
[2026-05-12 22:04:14] [EXIT] [MICRO①] 系統① 決済:SL到達 @ 62580  損益:-65  本日累計:-1215
[2026-05-12 22:04:14] [MICRO①③] 月次損益:-12,700円  DD上限:-30,000円
[2026-05-12 22:04:14] [LOG] マイクロログ保存: C:\kabu_trade\logs\micro_dry_log_all.csv
[2026-05-12 22:05:00] CSV保存: micro_5min.csv
[2026-05-12 22:05:00] [MICRO-DRY] 系統① long 保有中 @ 62555  含み:+5
[2026-05-12 22:05:00] [MICRO-DRY] 系統① long 保有中 @ 62585  含み:-25
[2026-05-12 22:05:00] [SIGNAL CHECK] bar_dt=22:00 can_trade=True warmup=0
[2026-05-12 22:05:00] [MICRO] → シグナルなし (現在値:62560 bars:361本)
[2026-05-12 22:10:00] CSV保存: micro_5min.csv
[2026-05-12 22:10:00] [MICRO-DRY] 系統① long 保有中 @ 62555  含み:+15
[2026-05-12 22:10:00] [MICRO-DRY] 系統① long 保有中 @ 62585  含み:-15
[2026-05-12 22:10:02] [SIGNAL CHECK] bar_dt=22:05 can_trade=True warmup=0
[2026-05-12 22:10:02] [MICRO] → シグナルなし (現在値:62560 bars:362本)
[2026-05-12 22:15:00] CSV保存: micro_5min.csv
[2026-05-12 22:15:00] [MICRO-DRY] 系統① long 保有中 @ 62555  含み:-15
[2026-05-12 22:15:00] [MICRO-DRY] 系統① long 保有中 @ 62585  含み:-45
[2026-05-12 22:15:00] [SIGNAL CHECK] bar_dt=22:10 can_trade=True warmup=0
[2026-05-12 22:15:00] [MICRO] → シグナルなし (現在値:62540 bars:363本)
[2026-05-12 22:15:19] [EXIT] [MICRO①] 系統① 決済:SL到達 @ 62525  損益:-60  本日累計:-1275
[2026-05-12 22:15:19] [MICRO①③] 月次損益:-13,322円  DD上限:-30,000円
[2026-05-12 22:15:19] [LOG] マイクロログ保存: C:\kabu_trade\logs\micro_dry_log_all.csv
[2026-05-12 22:17:47] [EXIT] [MICRO①] 系統① 決済:SL到達 @ 62495  損益:-60  本日累計:-1335
[2026-05-12 22:17:47] [MICRO①③] 月次損益:-13,944円  DD上限:-30,000円
[2026-05-12 22:17:47] [LOG] マイクロログ保存: C:\kabu_trade\logs\micro_dry_log_all.csv
[2026-05-12 22:20:00] CSV保存: micro_5min.csv
[2026-05-12 22:20:01] [SIGNAL CHECK] bar_dt=22:15 can_trade=True warmup=0
[2026-05-12 22:20:01] [MICRO] → シグナルなし (現在値:62500 bars:364本)
[2026-05-12 22:25:00] CSV保存: micro_5min.csv
[2026-05-12 22:25:00] [SIGNAL CHECK] bar_dt=22:20 can_trade=True warmup=0
[2026-05-12 22:25:00] [MICRO] → シグナルなし (現在値:62495 bars:365本)
[2026-05-12 22:30:00] CSV保存: micro_5min.csv
[2026-05-12 22:30:00] [SIGNAL CHECK] bar_dt=22:25 can_trade=True warmup=0
[2026-05-12 22:30:00] [MICRO] → シグナルなし (現在値:62550 bars:366本)
[2026-05-12 22:35:00] CSV保存: micro_5min.csv
[2026-05-12 22:35:00] [SIGNAL CHECK] bar_dt=22:30 can_trade=True warmup=0
[2026-05-12 22:35:00] [MICRO] → シグナルなし (現在値:62525 bars:367本)
[2026-05-12 22:40:00] CSV保存: micro_5min.csv
[2026-05-12 22:40:00] [SIGNAL CHECK] bar_dt=22:35 can_trade=True warmup=0
[2026-05-12 22:40:00] [MICRO] → シグナルなし (現在値:62545 bars:368本)
[2026-05-12 22:45:00] CSV保存: micro_5min.csv
[2026-05-12 22:45:01] [SIGNAL CHECK] bar_dt=22:40 can_trade=True warmup=0
[2026-05-12 22:45:01] [MICRO] → シグナルなし (現在値:62575 bars:369本)
[2026-05-12 22:50:00] CSV保存: micro_5min.csv
[2026-05-12 22:50:00] [SIGNAL CHECK] bar_dt=22:45 can_trade=True warmup=0
[2026-05-12 22:50:00] [MICRO] → シグナルなし (現在値:62530 bars:370本)
[2026-05-12 22:55:00] CSV保存: micro_5min.csv
[2026-05-12 22:55:00] [SIGNAL CHECK] bar_dt=22:50 can_trade=True warmup=0
[2026-05-12 22:55:00] [SHORT] [MICRO③] 系統③ エントリー @ 62490  SL:62550  TP:62250  Bid:62495 Ask:62490 Spread:-5.0 SlipEst:-5.0pt
[2026-05-12 23:00:00] CSV保存: micro_5min.csv
[2026-05-12 23:00:00] [MICRO-DRY] 系統③ short 保有中 @ 62490  含み:+130
[2026-05-12 23:00:00] [SIGNAL CHECK] bar_dt=22:55 can_trade=True warmup=0
[2026-05-12 23:00:00] [SHORT] [MICRO③] 系統③ エントリー @ 62360  SL:62420  TP:62120  Bid:62360 Ask:62355 Spread:-5.0 SlipEst:+0.0pt
[2026-05-12 23:05:00] CSV保存: micro_5min.csv
[2026-05-12 23:05:00] [MICRO-DRY] 系統③ short 保有中 @ 62490  含み:+110
[2026-05-12 23:05:00] [MICRO-DRY] 系統③ short 保有中 @ 62360  含み:-20
[2026-05-12 23:05:00] [SIGNAL CHECK] bar_dt=23:00 can_trade=True warmup=0
[2026-05-12 23:05:00] [SHORT] [MICRO③] 系統③ エントリー @ 62380  SL:62440  TP:62140  Bid:62385 Ask:62380 Spread:-5.0 SlipEst:-5.0pt
[2026-05-12 23:05:34] [EXIT] [MICRO③] 系統③ 決済:SL到達 @ 62420  損益:-60  本日累計:-1395
[2026-05-12 23:05:34] [MICRO①③] 月次損益:-14,566円  DD上限:-30,000円
[2026-05-12 23:05:34] [LOG] マイクロログ保存: C:\kabu_trade\logs\micro_dry_log_all.csv
[2026-05-12 23:09:44] [EXIT] [MICRO③] 系統③ 決済:SL到達 @ 62440  損益:-60  本日累計:-1455
[2026-05-12 23:09:45] [MICRO①③] 月次損益:-15,188円  DD上限:-30,000円
[2026-05-12 23:09:45] [LOG] マイクロログ保存: C:\kabu_trade\logs\micro_dry_log_all.csv
[2026-05-12 23:10:00] CSV保存: micro_5min.csv
[2026-05-12 23:10:00] [MICRO-DRY] 系統③ short 保有中 @ 62490  含み:+60
[2026-05-12 23:10:01] [SIGNAL CHECK] bar_dt=23:05 can_trade=True warmup=0
[2026-05-12 23:10:01] [SHORT] [MICRO③] 系統③ エントリー @ 62430  SL:62490  TP:62190  Bid:62435 Ask:62430 Spread:-5.0 SlipEst:-5.0pt
[2026-05-12 23:13:30] [EXIT] [MICRO③] 系統③ 決済:SL到達 @ 62490  損益:-60  本日累計:-1515
[2026-05-12 23:13:31] [MICRO①③] 月次損益:-15,810円  DD上限:-30,000円
[2026-05-12 23:13:31] [LOG] マイクロログ保存: C:\kabu_trade\logs\micro_dry_log_all.csv
[2026-05-12 23:15:00] CSV保存: micro_5min.csv
[2026-05-12 23:15:00] [MICRO-DRY] 系統③ short 保有中 @ 62490  含み:+0
[2026-05-12 23:15:00] [SIGNAL CHECK] bar_dt=23:10 can_trade=True warmup=0
[2026-05-12 23:15:00] [SHORT] [MICRO③] 系統③ エントリー @ 62490  SL:62550  TP:62250  Bid:62495 Ask:62490 Spread:-5.0 SlipEst:-5.0pt
[2026-05-12 23:20:00] CSV保存: micro_5min.csv
[2026-05-12 23:20:00] [MICRO-DRY] 系統③ short 保有中 @ 62490  含み:+35
[2026-05-12 23:20:00] [MICRO-DRY] 系統③ short 保有中 @ 62490  含み:+35
[2026-05-12 23:20:01] [SIGNAL CHECK] bar_dt=23:15 can_trade=True warmup=0
[2026-05-12 23:20:01] [SHORT] [MICRO③] 系統③ エントリー @ 62455  SL:62515  TP:62215  Bid:62455 Ask:62450 Spread:-5.0 SlipEst:+0.0pt
[2026-05-12 23:25:00] CSV保存: micro_5min.csv
[2026-05-12 23:25:00] [MICRO-DRY] 系統③ short 保有中 @ 62490  含み:+90
[2026-05-12 23:25:00] [MICRO-DRY] 系統③ short 保有中 @ 62490  含み:+90
[2026-05-12 23:25:00] [MICRO-DRY] 系統③ short 保有中 @ 62455  含み:+55
[2026-05-12 23:25:00] [SIGNAL CHECK] bar_dt=23:20 can_trade=True warmup=0
[2026-05-12 23:25:00] [SHORT] [MICRO③] 系統③ エントリー @ 62400  SL:62460  TP:62160  Bid:62405 Ask:62400 Spread:-5.0 SlipEst:-5.0pt
[2026-05-12 23:30:00] CSV保存: micro_5min.csv
[2026-05-12 23:30:00] [MICRO-DRY] 系統③ short 保有中 @ 62490  含み:+175
[2026-05-12 23:30:00] [MICRO-DRY] 系統③ short 保有中 @ 62490  含み:+175
[2026-05-12 23:30:00] [MICRO-DRY] 系統③ short 保有中 @ 62455  含み:+140
[2026-05-12 23:30:00] [MICRO-DRY] 系統③ short 保有中 @ 62400  含み:+85
[2026-05-12 23:30:00] [SIGNAL CHECK] bar_dt=23:25 can_trade=True warmup=0
[2026-05-12 23:30:00] [SHORT] [MICRO③] 系統③ エントリー @ 62315  SL:62375  TP:62075  Bid:62320 Ask:62315 Spread:-5.0 SlipEst:-5.0pt
[2026-05-12 23:30:29] [EXIT] [MICRO③] 系統③ 決済:TP到達 @ 62250  損益:+240  本日累計:-1275
[2026-05-12 23:30:30] [MICRO①③] 月次損益:-13,432円  DD上限:-30,000円
[2026-05-12 23:30:30] [LOG] マイクロログ保存: C:\kabu_trade\logs\micro_dry_log_all.csv
[2026-05-12 23:30:30] [EXIT] [MICRO③] 系統③ 決済:TP到達 @ 62250  損益:+240  本日累計:-1035
[2026-05-12 23:30:30] [MICRO①③] 月次損益:-11,054円  DD上限:-30,000円
[2026-05-12 23:30:30] [LOG] マイクロログ保存: C:\kabu_trade\logs\micro_dry_log_all.csv
[2026-05-12 23:31:04] [EXIT] [MICRO③] 系統③ 決済:TP到達 @ 62215  損益:+240  本日累計:-795
[2026-05-12 23:31:05] [MICRO①③] 月次損益:-8,676円  DD上限:-30,000円
[2026-05-12 23:31:05] [LOG] マイクロログ保存: C:\kabu_trade\logs\micro_dry_log_all.csv
[2026-05-12 23:32:48] [EXIT] [MICRO③] 系統③ 決済:TP到達 @ 62155  損益:+245  本日累計:-550
[2026-05-12 23:32:48] [MICRO①③] 月次損益:-6,248円  DD上限:-30,000円
[2026-05-12 23:32:48] [LOG] マイクロログ保存: C:\kabu_trade\logs\micro_dry_log_all.csv
[2026-05-12 23:34:38] [EXIT] [MICRO③] 系統③ 決済:TP到達 @ 62075  損益:+240  本日累計:-310
[2026-05-12 23:34:38] [MICRO①③] 月次損益:-3,870円  DD上限:-30,000円
[2026-05-12 23:34:38] [LOG] マイクロログ保存: C:\kabu_trade\logs\micro_dry_log_all.csv
[2026-05-12 23:35:00] CSV保存: micro_5min.csv
[2026-05-12 23:35:00] [SIGNAL CHECK] bar_dt=23:30 can_trade=True warmup=0
[2026-05-12 23:35:00] [SHORT] [MICRO③] 系統③ エントリー @ 62145  SL:62205  TP:61905  Bid:62145 Ask:62140 Spread:-5.0 SlipEst:+0.0pt
[2026-05-12 23:37:22] [EXIT] [MICRO③] 系統③ 決済:SL到達 @ 62205  損益:-60  本日累計:-370
[2026-05-12 23:37:22] [MICRO①③] 月次損益:-4,492円  DD上限:-30,000円
[2026-05-12 23:37:22] [LOG] マイクロログ保存: C:\kabu_trade\logs\micro_dry_log_all.csv
[2026-05-12 23:40:00] CSV保存: micro_5min.csv
[2026-05-12 23:40:00] [SIGNAL CHECK] bar_dt=23:35 can_trade=True warmup=0
[2026-05-12 23:40:00] [SHORT] [MICRO③] 系統③ エントリー @ 62245  SL:62305  TP:62005  Bid:62250 Ask:62245 Spread:-5.0 SlipEst:-5.0pt
[2026-05-12 23:43:05] [EXIT] [MICRO③] 系統③ 決済:SL到達 @ 62310  損益:-65  本日累計:-435
[2026-05-12 23:43:05] [MICRO①③] 月次損益:-5,164円  DD上限:-30,000円
[2026-05-12 23:43:05] [LOG] マイクロログ保存: C:\kabu_trade\logs\micro_dry_log_all.csv
[2026-05-12 23:45:00] CSV保存: micro_5min.csv
[2026-05-12 23:45:00] [SIGNAL CHECK] bar_dt=23:40 can_trade=True warmup=0
[2026-05-12 23:45:00] [SHORT] [MICRO③] 系統③ エントリー @ 62235  SL:62295  TP:61995  Bid:62240 Ask:62235 Spread:-5.0 SlipEst:-5.0pt
[2026-05-12 23:50:00] CSV保存: micro_5min.csv
[2026-05-12 23:50:00] [MICRO-DRY] 系統③ short 保有中 @ 62235  含み:+100
[2026-05-12 23:50:00] [SIGNAL CHECK] bar_dt=23:45 can_trade=True warmup=0
[2026-05-12 23:50:00] [SHORT] [MICRO③] 系統③ エントリー @ 62135  SL:62195  TP:61895  Bid:62140 Ask:62135 Spread:-5.0 SlipEst:-5.0pt
[2026-05-12 23:55:00] CSV保存: micro_5min.csv
[2026-05-12 23:55:00] [MICRO-DRY] 系統③ short 保有中 @ 62235  含み:+125
[2026-05-12 23:55:00] [MICRO-DRY] 系統③ short 保有中 @ 62135  含み:+25
[2026-05-12 23:55:00] [SIGNAL CHECK] bar_dt=23:50 can_trade=True warmup=0
[2026-05-12 23:55:00] [SHORT] [MICRO③] 系統③ エントリー @ 62115  SL:62175  TP:61875  Bid:62115 Ask:62110 Spread:-5.0 SlipEst:+0.0pt
[2026-05-13 00:00:00] CSV保存: micro_5min.csv
[2026-05-13 00:00:00] [MICRO-DRY] 系統③ short 保有中 @ 62235  含み:+170
[2026-05-13 00:00:00] [MICRO-DRY] 系統③ short 保有中 @ 62135  含み:+70
[2026-05-13 00:00:00] [MICRO-DRY] 系統③ short 保有中 @ 62115  含み:+50
[2026-05-13 00:05:00] CSV保存: micro_5min.csv
[2026-05-13 00:05:00] [MICRO-DRY] 系統③ short 保有中 @ 62235  含み:+200
[2026-05-13 00:05:00] [MICRO-DRY] 系統③ short 保有中 @ 62135  含み:+100
[2026-05-13 00:05:00] [MICRO-DRY] 系統③ short 保有中 @ 62115  含み:+80
[2026-05-13 00:10:00] CSV保存: micro_5min.csv
[2026-05-13 00:10:00] [MICRO-DRY] 系統③ short 保有中 @ 62235  含み:+135
[2026-05-13 00:10:00] [MICRO-DRY] 系統③ short 保有中 @ 62135  含み:+35
[2026-05-13 00:10:00] [MICRO-DRY] 系統③ short 保有中 @ 62115  含み:+15
[2026-05-13 00:15:00] CSV保存: micro_5min.csv
[2026-05-13 00:15:00] [MICRO-DRY] 系統③ short 保有中 @ 62235  含み:+210
[2026-05-13 00:15:00] [MICRO-DRY] 系統③ short 保有中 @ 62135  含み:+110
[2026-05-13 00:15:00] [MICRO-DRY] 系統③ short 保有中 @ 62115  含み:+90
[2026-05-13 00:15:30] [EXIT] [MICRO③] 系統③ 決済:TP到達 @ 61990  損益:+245  本日累計:-190
[2026-05-13 00:15:30] [MICRO①③] 月次損益:-2,736円  DD上限:-30,000円
[2026-05-13 00:15:30] [LOG] マイクロログ保存: C:\kabu_trade\logs\micro_dry_log_all.csv
[2026-05-13 00:20:00] CSV保存: micro_5min.csv
[2026-05-13 00:20:00] [MICRO-DRY] 系統③ short 保有中 @ 62135  含み:+155
[2026-05-13 00:20:00] [MICRO-DRY] 系統③ short 保有中 @ 62115  含み:+135
[2026-05-13 00:23:40] [EXIT] [MICRO③] 系統③ 決済:TP到達 @ 61895  損益:+240  本日累計:+50
[2026-05-13 00:23:40] [MICRO①③] 月次損益:-358円  DD上限:-30,000円
[2026-05-13 00:23:40] [LOG] マイクロログ保存: C:\kabu_trade\logs\micro_dry_log_all.csv
[2026-05-13 00:24:00] [EXIT] [MICRO③] 系統③ 決済:TP到達 @ 61875  損益:+240  本日累計:+290
[2026-05-13 00:24:01] [MICRO①③] 月次損益:2,020円  DD上限:-30,000円
[2026-05-13 00:24:01] [LOG] マイクロログ保存: C:\kabu_trade\logs\micro_dry_log_all.csv
[2026-05-13 00:25:00] CSV保存: micro_5min.csv
[2026-05-13 00:30:00] CSV保存: micro_5min.csv
[2026-05-13 00:35:00] CSV保存: micro_5min.csv
[2026-05-13 00:40:00] CSV保存: micro_5min.csv
[2026-05-13 00:45:00] CSV保存: micro_5min.csv
[2026-05-13 00:50:00] CSV保存: micro_5min.csv
[2026-05-13 00:55:00] CSV保存: micro_5min.csv
[2026-05-13 01:00:00] CSV保存: micro_5min.csv
[2026-05-13 01:05:00] CSV保存: micro_5min.csv
[2026-05-13 01:10:00] CSV保存: micro_5min.csv
[2026-05-13 01:15:00] CSV保存: micro_5min.csv
[2026-05-13 01:20:00] CSV保存: micro_5min.csv
[2026-05-13 01:25:00] CSV保存: micro_5min.csv
[2026-05-13 01:30:00] CSV保存: micro_5min.csv
[2026-05-13 01:35:00] CSV保存: micro_5min.csv
[2026-05-13 01:40:00] CSV保存: micro_5min.csv
[2026-05-13 01:45:00] CSV保存: micro_5min.csv
[2026-05-13 01:50:00] CSV保存: micro_5min.csv
[2026-05-13 01:55:00] CSV保存: micro_5min.csv
[2026-05-13 02:00:00] CSV保存: micro_5min.csv
[2026-05-13 02:05:00] CSV保存: micro_5min.csv
[2026-05-13 02:10:00] CSV保存: micro_5min.csv
[2026-05-13 02:15:00] CSV保存: micro_5min.csv
[2026-05-13 02:20:00] CSV保存: micro_5min.csv
[2026-05-13 02:25:00] CSV保存: micro_5min.csv
[2026-05-13 02:30:00] CSV保存: micro_5min.csv
[2026-05-13 02:35:00] CSV保存: micro_5min.csv
[2026-05-13 02:40:00] CSV保存: micro_5min.csv
[2026-05-13 02:45:00] CSV保存: micro_5min.csv
[2026-05-13 02:50:00] CSV保存: micro_5min.csv
[2026-05-13 02:55:00] CSV保存: micro_5min.csv
[2026-05-13 03:00:00] CSV保存: micro_5min.csv
[2026-05-13 03:05:00] CSV保存: micro_5min.csv
[2026-05-13 03:10:00] CSV保存: micro_5min.csv
[2026-05-13 03:15:00] CSV保存: micro_5min.csv
[2026-05-13 03:20:00] CSV保存: micro_5min.csv
[2026-05-13 03:25:00] CSV保存: micro_5min.csv
[2026-05-13 03:30:00] CSV保存: micro_5min.csv
[2026-05-13 03:35:00] CSV保存: micro_5min.csv
[2026-05-13 03:40:00] CSV保存: micro_5min.csv
[2026-05-13 03:45:00] CSV保存: micro_5min.csv
[2026-05-13 03:50:00] CSV保存: micro_5min.csv
[2026-05-13 03:55:00] CSV保存: micro_5min.csv
[2026-05-13 04:00:00] CSV保存: micro_5min.csv
[2026-05-13 04:05:00] CSV保存: micro_5min.csv
[2026-05-13 04:10:00] CSV保存: micro_5min.csv
[2026-05-13 04:15:00] CSV保存: micro_5min.csv
[2026-05-13 04:20:00] CSV保存: micro_5min.csv
[2026-05-13 04:25:00] CSV保存: micro_5min.csv
[2026-05-13 04:30:00] CSV保存: micro_5min.csv
[2026-05-13 04:35:00] CSV保存: micro_5min.csv
[2026-05-13 04:40:00] CSV保存: micro_5min.csv
[2026-05-13 04:45:00] CSV保存: micro_5min.csv
[2026-05-13 04:50:00] CSV保存: micro_5min.csv
[2026-05-13 04:55:00] CSV保存: micro_5min.csv
[2026-05-13 05:00:00] CSV保存: micro_5min.csv
[2026-05-13 05:05:00] CSV保存: micro_5min.csv
[2026-05-13 05:10:00] CSV保存: micro_5min.csv
[2026-05-13 05:15:00] CSV保存: micro_5min.csv
[2026-05-13 05:20:00] CSV保存: micro_5min.csv
[2026-05-13 05:25:00] CSV保存: micro_5min.csv
[2026-05-13 05:30:00] CSV保存: micro_5min.csv
[2026-05-13 05:35:00] CSV保存: micro_5min.csv
[2026-05-13 05:40:00] CSV保存: micro_5min.csv
[2026-05-13 05:45:00] CSV保存: micro_5min.csv
[2026-05-13 05:50:00] CSV保存: micro_5min.csv
[2026-05-13 05:55:00] CSV保存: micro_5min.csv
[2026-05-13 06:17:33] [WARN] 認証エラー検出 → トークン再取得(1回のみ)
[2026-05-13 06:17:34] [RETRY] トークン再取得を実行
[2026-05-13 06:17:34] [ERR] トークン取得失敗: {"Code":4001007,"Message":"ログイン認証エラー"}
[2026-05-13 06:17:34] [ERR] トークン再取得失敗 (連続失敗: 1/5)
[2026-05-13 06:17:35] [WARN] 認証エラー検出 → トークン再取得(1回のみ)
[2026-05-13 06:17:35] [WAIT] 再認証クールダウン中 (10秒) → スキップ
[2026-05-13 06:17:35] [ERR] トークン再取得失敗 (連続失敗: 1/5)
[2026-05-13 06:17:36] [WARN] 認証エラー検出 → トークン再取得(1回のみ)
[2026-05-13 06:17:36] [WAIT] 再認証クールダウン中 (10秒) → スキップ
[2026-05-13 06:17:36] [ERR] トークン再取得失敗 (連続失敗: 1/5)
[2026-05-13 06:17:36] [WARN] 認証エラー検出 → トークン再取得(1回のみ)
[2026-05-13 06:17:37] [WAIT] 再認証クールダウン中 (10秒) → スキップ
[2026-05-13 06:17:37] [ERR] トークン再取得失敗 (連続失敗: 1/5)
[2026-05-13 06:17:37] [WARN] 認証エラー検出 → トークン再取得(1回のみ)
[2026-05-13 06:17:38] [WAIT] 再認証クールダウン中 (10秒) → スキップ
[2026-05-13 06:17:38] [ERR] トークン再取得失敗 (連続失敗: 1/5)
[2026-05-13 06:17:38] [WARN] 認証エラー検出 → トークン再取得(1回のみ)
[2026-05-13 06:17:40] [WAIT] 再認証クールダウン中 (10秒) → スキップ
[2026-05-13 06:17:40] [ERR] トークン再取得失敗 (連続失敗: 1/5)
[2026-05-13 06:17:41] [WARN] 認証エラー検出 → トークン再取得(1回のみ)
[2026-05-13 06:17:42] [WAIT] 再認証クールダウン中 (10秒) → スキップ
[2026-05-13 06:17:42] [ERR] トークン再取得失敗 (連続失敗: 1/5)
[2026-05-13 06:17:42] [WARN] 認証エラー検出 → トークン再取得(1回のみ)
[2026-05-13 06:17:42] [WAIT] 再認証クールダウン中 (10秒) → スキップ
[2026-05-13 06:17:42] [ERR] トークン再取得失敗 (連続失敗: 1/5)
[2026-05-13 06:17:43] [WARN] 認証エラー検出 → トークン再取得(1回のみ)
[2026-05-13 06:17:43] [WAIT] 再認証クールダウン中 (10秒) → スキップ
[2026-05-13 06:17:43] [ERR] トークン再取得失敗 (連続失敗: 1/5)
[2026-05-13 06:17:44] [WARN] 認証エラー検出 → トークン再取得(1回のみ)
[2026-05-13 06:17:44] [RETRY] トークン再取得を実行
[2026-05-13 06:17:44] [ERR] トークン取得失敗: {"Code":4001007,"Message":"ログイン認証エラー"}
[2026-05-13 06:17:44] [ERR] トークン再取得失敗 (連続失敗: 2/5)
[2026-05-13 06:17:45] [WARN] 認証エラー検出 → トークン再取得(1回のみ)
[2026-05-13 06:17:45] [WAIT] 再認証クールダウン中 (10秒) → スキップ
[2026-05-13 06:17:45] [ERR] トークン再取得失敗 (連続失敗: 2/5)
[2026-05-13 06:17:46] [WARN] 認証エラー検出 → トークン再取得(1回のみ)
[2026-05-13 06:17:46] [WAIT] 再認証クールダウン中 (10秒) → スキップ
[2026-05-13 06:17:46] [ERR] トークン再取得失敗 (連続失敗: 2/5)
[2026-05-13 06:17:47] [WARN] 認証エラー検出 → トークン再取得(1回のみ)
[2026-05-13 06:17:47] [WAIT] 再認証クールダウン中 (10秒) → スキップ
[2026-05-13 06:17:47] [ERR] トークン再取得失敗 (連続失敗: 2/5)
[2026-05-13 06:17:48] [WARN] 認証エラー検出 → トークン再取得(1回のみ)
[2026-05-13 06:17:48] [WAIT] 再認証クールダウン中 (10秒) → スキップ
[2026-05-13 06:17:48] [ERR] トークン再取得失敗 (連続失敗: 2/5)
[2026-05-13 06:17:49] [WARN] 認証エラー検出 → トークン再取得(1回のみ)
[2026-05-13 06:17:49] [WAIT] 再認証クールダウン中 (10秒) → スキップ
[2026-05-13 06:17:49] [ERR] トークン再取得失敗 (連続失敗: 2/5)
[2026-05-13 06:17:50] [WARN] 認証エラー検出 → トークン再取得(1回のみ)
[2026-05-13 06:17:50] [WAIT] 再認証クールダウン中 (10秒) → スキップ
[2026-05-13 06:17:50] [ERR] トークン再取得失敗 (連続失敗: 2/5)
[2026-05-13 06:17:51] [WARN] 認証エラー検出 → トークン再取得(1回のみ)
[2026-05-13 06:17:51] [WAIT] 再認証クールダウン中 (10秒) → スキップ
[2026-05-13 06:17:51] [ERR] トークン再取得失敗 (連続失敗: 2/5)
[2026-05-13 06:17:51] [WARN] 認証エラー検出 → トークン再取得(1回のみ)
[2026-05-13 06:17:52] [WAIT] 再認証クールダウン中 (10秒) → スキップ
[2026-05-13 06:17:52] [ERR] トークン再取得失敗 (連続失敗: 2/5)
[2026-05-13 06:17:53] [WARN] 認証エラー検出 → トークン再取得(1回のみ)
[2026-05-13 06:17:53] [WAIT] 再認証クールダウン中 (10秒) → スキップ
[2026-05-13 06:17:53] [ERR] トークン再取得失敗 (連続失敗: 2/5)
[2026-05-13 06:17:53] [WARN] 認証エラー検出 → トークン再取得(1回のみ)
[2026-05-13 06:17:53] [WAIT] 再認証クールダウン中 (10秒) → スキップ
[2026-05-13 06:17:53] [ERR] トークン再取得失敗 (連続失敗: 2/5)
[2026-05-13 06:17:54] [WARN] 認証エラー検出 → トークン再取得(1回のみ)
[2026-05-13 06:17:54] [RETRY] トークン再取得を実行
[2026-05-13 06:17:54] [ERR] トークン取得失敗: {"Code":4001007,"Message":"ログイン認証エラー"}
[2026-05-13 06:17:55] [ERR] トークン再取得失敗 (連続失敗: 3/5)
[2026-05-13 06:17:55] [WARN] 認証エラー検出 → トークン再取得(1回のみ)
[2026-05-13 06:17:55] [WAIT] 再認証クールダウン中 (10秒) → スキップ
[2026-05-13 06:17:55] [ERR] トークン再取得失敗 (連続失敗: 3/5)
[2026-05-13 06:17:56] [WARN] 認証エラー検出 → トークン再取得(1回のみ)
[2026-05-13 06:17:56] [WAIT] 再認証クールダウン中 (10秒) → スキップ
[2026-05-13 06:17:56] [ERR] トークン再取得失敗 (連続失敗: 3/5)
[2026-05-13 06:17:57] [WARN] 認証エラー検出 → トークン再取得(1回のみ)
[2026-05-13 06:17:57] [WAIT] 再認証クールダウン中 (10秒) → スキップ
[2026-05-13 06:17:57] [ERR] トークン再取得失敗 (連続失敗: 3/5)
[2026-05-13 06:17:58] [WARN] 認証エラー検出 → トークン再取得(1回のみ)
[2026-05-13 06:17:58] [WAIT] 再認証クールダウン中 (10秒) → スキップ
[2026-05-13 06:17:58] [ERR] トークン再取得失敗 (連続失敗: 3/5)
[2026-05-13 06:17:58] [WARN] 認証エラー検出 → トークン再取得(1回のみ)
[2026-05-13 06:17:59] [WAIT] 再認証クールダウン中 (10秒) → スキップ
[2026-05-13 06:17:59] [ERR] トークン再取得失敗 (連続失敗: 3/5)
[2026-05-13 06:17:59] [WARN] 認証エラー検出 → トークン再取得(1回のみ)
[2026-05-13 06:18:00] [WAIT] 再認証クールダウン中 (10秒) → スキップ
[2026-05-13 06:18:00] [ERR] トークン再取得失敗 (連続失敗: 3/5)
[2026-05-13 06:18:00] [WARN] 認証エラー検出 → トークン再取得(1回のみ)
[2026-05-13 06:18:00] [WAIT] 再認証クールダウン中 (10秒) → スキップ
[2026-05-13 06:18:00] [ERR] トークン再取得失敗 (連続失敗: 3/5)
[2026-05-13 06:18:01] [WARN] 認証エラー検出 → トークン再取得(1回のみ)
[2026-05-13 06:18:01] [WAIT] 再認証クールダウン中 (10秒) → スキップ
[2026-05-13 06:18:01] [ERR] トークン再取得失敗 (連続失敗: 3/5)
[2026-05-13 06:18:01] [WARN] 認証エラー検出 → トークン再取得(1回のみ)
[2026-05-13 06:18:02] [WAIT] 再認証クールダウン中 (10秒) → スキップ
[2026-05-13 06:18:02] [ERR] トークン再取得失敗 (連続失敗: 3/5)
[2026-05-13 06:18:03] [WARN] 認証エラー検出 → トークン再取得(1回のみ)
[2026-05-13 06:18:03] [WAIT] 再認証クールダウン中 (10秒) → スキップ
[2026-05-13 06:18:03] [ERR] トークン再取得失敗 (連続失敗: 3/5)
[2026-05-13 06:18:03] [WARN] 認証エラー検出 → トークン再取得(1回のみ)
[2026-05-13 06:18:03] [WAIT] 再認証クールダウン中 (10秒) → スキップ
[2026-05-13 06:18:03] [ERR] トークン再取得失敗 (連続失敗: 3/5)
[2026-05-13 06:18:04] [WARN] 認証エラー検出 → トークン再取得(1回のみ)
[2026-05-13 06:18:04] [WAIT] 再認証クールダウン中 (10秒) → スキップ
[2026-05-13 06:18:04] [ERR] トークン再取得失敗 (連続失敗: 3/5)
[2026-05-13 06:18:05] [WARN] 認証エラー検出 → トークン再取得(1回のみ)
[2026-05-13 06:18:05] [RETRY] トークン再取得を実行
[2026-05-13 06:18:05] [ERR] トークン取得失敗: {"Code":4001007,"Message":"ログイン認証エラー"}
[2026-05-13 06:18:05] [ERR] トークン再取得失敗 (連続失敗: 4/5)
[2026-05-13 06:18:06] [WARN] 認証エラー検出 → トークン再取得(1回のみ)
[2026-05-13 06:18:07] [WAIT] 再認証クールダウン中 (10秒) → スキップ
[2026-05-13 06:18:07] [ERR] トークン再取得失敗 (連続失敗: 4/5)
[2026-05-13 06:18:07] [WARN] 認証エラー検出 → トークン再取得(1回のみ)
[2026-05-13 06:18:07] [WAIT] 再認証クールダウン中 (10秒) → スキップ
[2026-05-13 06:18:07] [ERR] トークン再取得失敗 (連続失敗: 4/5)
[2026-05-13 06:18:08] [WARN] 認証エラー検出 → トークン再取得(1回のみ)
[2026-05-13 06:18:08] [WAIT] 再認証クールダウン中 (10秒) → スキップ
[2026-05-13 06:18:08] [ERR] トークン再取得失敗 (連続失敗: 4/5)
[2026-05-13 06:18:08] [WARN] 認証エラー検出 → トークン再取得(1回のみ)
[2026-05-13 06:18:09] [WAIT] 再認証クールダウン中 (10秒) → スキップ
[2026-05-13 06:18:09] [ERR] トークン再取得失敗 (連続失敗: 4/5)
[2026-05-13 06:18:09] [WARN] 認証エラー検出 → トークン再取得(1回のみ)
[2026-05-13 06:18:10] [WAIT] 再認証クールダウン中 (10秒) → スキップ
[2026-05-13 06:18:10] [ERR] トークン再取得失敗 (連続失敗: 4/5)
[2026-05-13 06:18:10] [WARN] 認証エラー検出 → トークン再取得(1回のみ)
[2026-05-13 06:18:10] [WAIT] 再認証クールダウン中 (10秒) → スキップ
[2026-05-13 06:18:10] [ERR] トークン再取得失敗 (連続失敗: 4/5)
[2026-05-13 06:18:11] [WARN] 認証エラー検出 → トークン再取得(1回のみ)
[2026-05-13 06:18:11] [WAIT] 再認証クールダウン中 (10秒) → スキップ
[2026-05-13 06:18:11] [ERR] トークン再取得失敗 (連続失敗: 4/5)
[2026-05-13 06:18:11] [WARN] 認証エラー検出 → トークン再取得(1回のみ)
[2026-05-13 06:18:12] [WAIT] 再認証クールダウン中 (10秒) → スキップ
[2026-05-13 06:18:12] [ERR] トークン再取得失敗 (連続失敗: 4/5)
[2026-05-13 06:18:13] [WARN] 認証エラー検出 → トークン再取得(1回のみ)
[2026-05-13 06:18:13] [WAIT] 再認証クールダウン中 (10秒) → スキップ
[2026-05-13 06:18:13] [ERR] トークン再取得失敗 (連続失敗: 4/5)
[2026-05-13 06:18:13] [WARN] 認証エラー検出 → トークン再取得(1回のみ)
[2026-05-13 06:18:13] [WAIT] 再認証クールダウン中 (10秒) → スキップ
[2026-05-13 06:18:13] [ERR] トークン再取得失敗 (連続失敗: 4/5)
[2026-05-13 06:18:14] [WARN] 認証エラー検出 → トークン再取得(1回のみ)
[2026-05-13 06:18:14] [WAIT] 再認証クールダウン中 (10秒) → スキップ
[2026-05-13 06:18:14] [ERR] トークン再取得失敗 (連続失敗: 4/5)
[2026-05-13 06:18:15] [WARN] 認証エラー検出 → トークン再取得(1回のみ)
[2026-05-13 06:18:15] [RETRY] トークン再取得を実行
[2026-05-13 06:18:15] [ERR] トークン取得失敗: {"Code":4001007,"Message":"ログイン認証エラー"}
[2026-05-13 06:18:15] [ERR] トークン再取得失敗 (連続失敗: 5/5)
[2026-05-13 06:18:16] [ERR] 認証エラー5回連続 → 安全終了
[2026-05-13 06:18:16] [FILE] CSV保存: 1570_5min.csv
[2026-05-13 08:45:01] [OK] マイクロウォームアップ完了: 300 本
[2026-05-13 08:45:01] [OK] CSV最終行は-910分前（セッション間ギャップ含む）→ ウォームアップ不要
[2026-05-13 08:45:01] [CSV-CHECK] 前日データ正常: 238本
[2026-05-13 08:45:01] [ERR] トークン取得失敗: {"Code":4001007,"Message":"ログイン認証エラー"}
[2026-05-13 08:45:01] [ERR] トークン取得失敗 → 起動中止
[2026-05-13 08:45:09] [OK] マイクロウォームアップ完了: 300 本
[2026-05-13 08:45:09] [OK] CSV最終行は-910分前（セッション間ギャップ含む）→ ウォームアップ不要
[2026-05-13 08:45:09] [CSV-CHECK] 前日データ正常: 238本
[2026-05-13 08:45:09] [ERR] トークン取得失敗: {"Code":4001007,"Message":"ログイン認証エラー"}
[2026-05-13 08:45:09] [ERR] トークン取得失敗 → 起動中止
[2026-05-13 08:46:30] [OK] マイクロウォームアップ完了: 300 本
[2026-05-13 08:46:30] [OK] CSV最終行は-908分前（セッション間ギャップ含む）→ ウォームアップ不要
[2026-05-13 08:46:30] [CSV-CHECK] 前日データ正常: 238本
[2026-05-13 08:46:32] [OK] トークン取得成功: 90bfccd7...
[2026-05-13 08:46:33] [OK] マイクロシンボル取得(NK225micro): 161060023 / Exchange=2
[2026-05-13 08:46:33] [OK] 銘柄登録成功 (2銘柄)
[2026-05-13 08:46:33] [OK] WebSocket起動
[2026-05-13 08:46:35] [MICRO①③] 月次リセット: (2026, 5) 累計損益リセット
[2026-05-13 08:46:35] [系統④] 月次リセット: (2026, 5) 損益リセット・停止解除
[2026-05-13 08:46:35] [系統④⑤] 月次リセット: (2026, 5) 損益リセット・⑤停止解除
[2026-05-13 08:46:35] [SIGNAL CHECK] bar_dt=23:50 can_trade=True warmup=0
[2026-05-13 08:46:35] [SHORT] [MICRO③] 系統③ エントリー @ 62440  SL:62500  TP:62200  Bid:62445 Ask:62440 Spread:-5.0 SlipEst:-5.0pt
[2026-05-13 08:50:00] CSV保存: micro_5min.csv
[2026-05-13 08:50:00] [MICRO-DRY] 系統③ short 保有中 @ 62440  含み:+55
[2026-05-13 08:55:00] CSV保存: micro_5min.csv
[2026-05-13 08:55:00] [MICRO-DRY] 系統③ short 保有中 @ 62440  含み:+95
[2026-05-13 09:00:00] [FILE] CSV保存: 1570_5min.csv
[2026-05-13 09:00:00] CSV保存: micro_5min.csv
[2026-05-13 09:00:00] [MICRO-DRY] 系統③ short 保有中 @ 62440  含み:+125
[2026-05-13 09:05:00] [FILE] CSV保存: 1570_5min.csv
[2026-05-13 09:05:00] CSV保存: micro_5min.csv
[2026-05-13 09:05:00] [MICRO-DRY] 系統③ short 保有中 @ 62440  含み:-40
[2026-05-13 09:06:47] [EXIT] [MICRO③] 系統③ 決済:SL到達 @ 62515  損益:-75  本日累計:-75
[2026-05-13 09:06:48] [MICRO①③] 月次損益:-772円  DD上限:-30,000円
[2026-05-13 09:06:48] [LOG] マイクロログ保存: C:\kabu_trade\logs\micro_dry_log_all.csv
[2026-05-13 09:10:00] [FILE] CSV保存: 1570_5min.csv
[2026-05-13 09:10:00] CSV保存: micro_5min.csv
[2026-05-13 09:15:00] [FILE] CSV保存: 1570_5min.csv
[2026-05-13 09:15:00] CSV保存: micro_5min.csv
[2026-05-13 09:20:00] [FILE] CSV保存: 1570_5min.csv
[2026-05-13 09:20:00] CSV保存: micro_5min.csv
[2026-05-13 09:25:00] [FILE] CSV保存: 1570_5min.csv
[2026-05-13 09:25:00] CSV保存: micro_5min.csv
[2026-05-13 09:30:00] [FILE] CSV保存: 1570_5min.csv
[2026-05-13 09:30:00] CSV保存: micro_5min.csv
[2026-05-13 09:35:00] [FILE] CSV保存: 1570_5min.csv
[2026-05-13 09:35:00] CSV保存: micro_5min.csv
[2026-05-13 09:40:00] [FILE] CSV保存: 1570_5min.csv
[2026-05-13 09:40:00] CSV保存: micro_5min.csv
[2026-05-13 09:45:00] [FILE] CSV保存: 1570_5min.csv
[2026-05-13 09:45:00] CSV保存: micro_5min.csv
[2026-05-13 09:50:00] [FILE] CSV保存: 1570_5min.csv
[2026-05-13 09:50:00] CSV保存: micro_5min.csv
